running develop
running egg_info
creating interceptor.egg-info
writing interceptor.egg-info/PKG-INFO
writing dependency_links to interceptor.egg-info/dependency_links.txt
writing entry points to interceptor.egg-info/entry_points.txt
writing requirements to interceptor.egg-info/requires.txt
writing top-level names to interceptor.egg-info/top_level.txt
writing manifest file 'interceptor.egg-info/SOURCES.txt'
reading manifest file 'interceptor.egg-info/SOURCES.txt'
writing manifest file 'interceptor.egg-info/SOURCES.txt'
running build_ext
Creating /home/hicsea/Desktop/tanksim_ws/install/interceptor/lib/python3.8/site-packages/interceptor.egg-link (link to .)
Installing interceptor_node script to /home/hicsea/Desktop/tanksim_ws/install/interceptor/lib/interceptor

Installed /home/hicsea/Desktop/tanksim_ws/build/interceptor
running install_data
creating /home/hicsea/Desktop/tanksim_ws/install/interceptor/share/ament_index
creating /home/hicsea/Desktop/tanksim_ws/install/interceptor/share/ament_index/resource_index
creating /home/hicsea/Desktop/tanksim_ws/install/interceptor/share/ament_index/resource_index/packages
copying resource/interceptor -> /home/hicsea/Desktop/tanksim_ws/install/interceptor/share/ament_index/resource_index/packages
copying package.xml -> /home/hicsea/Desktop/tanksim_ws/install/interceptor/share/interceptor
