running develop
running egg_info
creating route_initializer.egg-info
writing route_initializer.egg-info/PKG-INFO
writing dependency_links to route_initializer.egg-info/dependency_links.txt
writing entry points to route_initializer.egg-info/entry_points.txt
writing requirements to route_initializer.egg-info/requires.txt
writing top-level names to route_initializer.egg-info/top_level.txt
writing manifest file 'route_initializer.egg-info/SOURCES.txt'
reading manifest file 'route_initializer.egg-info/SOURCES.txt'
writing manifest file 'route_initializer.egg-info/SOURCES.txt'
running build_ext
Creating /home/hicsea/Desktop/tanksim_ws/install/route_initializer/lib/python3.8/site-packages/route-initializer.egg-link (link to .)
Installing route_initializer_node script to /home/hicsea/Desktop/tanksim_ws/install/route_initializer/lib/route_initializer

Installed /home/hicsea/Desktop/tanksim_ws/build/route_initializer
running install_data
creating /home/hicsea/Desktop/tanksim_ws/install/route_initializer/share/ament_index
creating /home/hicsea/Desktop/tanksim_ws/install/route_initializer/share/ament_index/resource_index
creating /home/hicsea/Desktop/tanksim_ws/install/route_initializer/share/ament_index/resource_index/packages
copying resource/route_initializer -> /home/hicsea/Desktop/tanksim_ws/install/route_initializer/share/ament_index/resource_index/packages
copying package.xml -> /home/hicsea/Desktop/tanksim_ws/install/route_initializer/share/route_initializer
creating /home/hicsea/Desktop/tanksim_ws/install/route_initializer/share/route_initializer/srv
copying srv/InitializeRoute.srv -> /home/hicsea/Desktop/tanksim_ws/install/route_initializer/share/route_initializer/srv
