[4.502s] DEBUG:colcon:Command line arguments: ['/bin/colcon', 'build', '--symlink-install']
[4.503s] DEBUG:colcon:Parsed command line arguments: Namespace(allow_overriding=[], ament_cmake_args=None, base_paths=['.'], build_base='build', catkin_cmake_args=None, catkin_skip_building_tests=False, cmake_args=None, cmake_clean_cache=False, cmake_clean_first=False, cmake_force_configure=False, cmake_target=None, cmake_target_skip_unavailable=False, continue_on_error=False, event_handlers=None, executor='parallel', ignore_user_meta=False, install_base='install', log_base=None, log_level=None, main=<bound method BuildVerb.main of <colcon_core.verb.build.BuildVerb object at 0x7f47d842abe0>>, merge_install=False, metas=['./colcon.meta'], mixin=None, mixin_files=None, mixin_verb=('build',), packages_above=None, packages_above_and_dependencies=None, packages_above_depth=None, packages_end=None, packages_ignore=None, packages_ignore_regex=None, packages_select=None, packages_select_build_failed=False, packages_select_by_dep=None, packages_select_regex=None, packages_select_test_failures=False, packages_skip=None, packages_skip_build_finished=False, packages_skip_by_dep=None, packages_skip_regex=None, packages_skip_test_passed=False, packages_skip_up_to=None, packages_start=None, packages_up_to=None, packages_up_to_regex=None, parallel_workers=6, paths=None, symlink_install=True, test_result_base=None, verb_extension=<colcon_core.verb.build.BuildVerb object at 0x7f47d842abe0>, verb_name='build', verb_parser=<colcon_mixin.mixin.mixin_argument.MixinArgumentDecorator object at 0x7f47d80045b0>)
[4.643s] Level 1:colcon.colcon_core.package_discovery:discover_packages(colcon_meta) check parameters
[4.643s] Level 1:colcon.colcon_core.package_discovery:discover_packages(recursive) check parameters
[4.643s] Level 1:colcon.colcon_core.package_discovery:discover_packages(ignore) check parameters
[4.643s] Level 1:colcon.colcon_core.package_discovery:discover_packages(path) check parameters
[4.643s] Level 1:colcon.colcon_core.package_discovery:discover_packages(colcon_meta) discover
[4.643s] Level 1:colcon.colcon_core.package_discovery:discover_packages(recursive) discover
[4.643s] INFO:colcon.colcon_core.package_discovery:Crawling recursively for packages in '/home/hicsea/Desktop/tanksim_ws'
[4.643s] Level 1:colcon.colcon_core.package_identification:_identify(.) by extensions ['ignore', 'ignore_ament_install']
[4.643s] Level 1:colcon.colcon_core.package_identification:_identify(.) by extension 'ignore'
[4.643s] Level 1:colcon.colcon_core.package_identification:_identify(.) by extension 'ignore_ament_install'
[4.643s] Level 1:colcon.colcon_core.package_identification:_identify(.) by extensions ['colcon_pkg']
[4.643s] Level 1:colcon.colcon_core.package_identification:_identify(.) by extension 'colcon_pkg'
[4.643s] Level 1:colcon.colcon_core.package_identification:_identify(.) by extensions ['colcon_meta']
[4.643s] Level 1:colcon.colcon_core.package_identification:_identify(.) by extension 'colcon_meta'
[4.643s] Level 1:colcon.colcon_core.package_identification:_identify(.) by extensions ['ros']
[4.643s] Level 1:colcon.colcon_core.package_identification:_identify(.) by extension 'ros'
[4.653s] Level 1:colcon.colcon_core.package_identification:_identify(.) by extensions ['cmake', 'python']
[4.653s] Level 1:colcon.colcon_core.package_identification:_identify(.) by extension 'cmake'
[4.653s] Level 1:colcon.colcon_core.package_identification:_identify(.) by extension 'python'
[4.653s] Level 1:colcon.colcon_core.package_identification:_identify(.) by extensions ['python_setup_py']
[4.653s] Level 1:colcon.colcon_core.package_identification:_identify(.) by extension 'python_setup_py'
[4.653s] Level 1:colcon.colcon_core.package_identification:_identify(build) by extensions ['ignore', 'ignore_ament_install']
[4.653s] Level 1:colcon.colcon_core.package_identification:_identify(build) by extension 'ignore'
[4.653s] Level 1:colcon.colcon_core.package_identification:_identify(build) ignored
[4.654s] Level 1:colcon.colcon_core.package_identification:_identify(install) by extensions ['ignore', 'ignore_ament_install']
[4.654s] Level 1:colcon.colcon_core.package_identification:_identify(install) by extension 'ignore'
[4.654s] Level 1:colcon.colcon_core.package_identification:_identify(install) ignored
[4.654s] Level 1:colcon.colcon_core.package_identification:_identify(launch) by extensions ['ignore', 'ignore_ament_install']
[4.654s] Level 1:colcon.colcon_core.package_identification:_identify(launch) by extension 'ignore'
[4.654s] Level 1:colcon.colcon_core.package_identification:_identify(launch) by extension 'ignore_ament_install'
[4.654s] Level 1:colcon.colcon_core.package_identification:_identify(launch) by extensions ['colcon_pkg']
[4.654s] Level 1:colcon.colcon_core.package_identification:_identify(launch) by extension 'colcon_pkg'
[4.654s] Level 1:colcon.colcon_core.package_identification:_identify(launch) by extensions ['colcon_meta']
[4.654s] Level 1:colcon.colcon_core.package_identification:_identify(launch) by extension 'colcon_meta'
[4.654s] Level 1:colcon.colcon_core.package_identification:_identify(launch) by extensions ['ros']
[4.654s] Level 1:colcon.colcon_core.package_identification:_identify(launch) by extension 'ros'
[4.654s] Level 1:colcon.colcon_core.package_identification:_identify(launch) by extensions ['cmake', 'python']
[4.654s] Level 1:colcon.colcon_core.package_identification:_identify(launch) by extension 'cmake'
[4.654s] Level 1:colcon.colcon_core.package_identification:_identify(launch) by extension 'python'
[4.654s] Level 1:colcon.colcon_core.package_identification:_identify(launch) by extensions ['python_setup_py']
[4.654s] Level 1:colcon.colcon_core.package_identification:_identify(launch) by extension 'python_setup_py'
[4.654s] Level 1:colcon.colcon_core.package_identification:_identify(launch/__pycache__) by extensions ['ignore', 'ignore_ament_install']
[4.655s] Level 1:colcon.colcon_core.package_identification:_identify(launch/__pycache__) by extension 'ignore'
[4.655s] Level 1:colcon.colcon_core.package_identification:_identify(launch/__pycache__) by extension 'ignore_ament_install'
[4.655s] Level 1:colcon.colcon_core.package_identification:_identify(launch/__pycache__) by extensions ['colcon_pkg']
[4.655s] Level 1:colcon.colcon_core.package_identification:_identify(launch/__pycache__) by extension 'colcon_pkg'
[4.655s] Level 1:colcon.colcon_core.package_identification:_identify(launch/__pycache__) by extensions ['colcon_meta']
[4.655s] Level 1:colcon.colcon_core.package_identification:_identify(launch/__pycache__) by extension 'colcon_meta'
[4.655s] Level 1:colcon.colcon_core.package_identification:_identify(launch/__pycache__) by extensions ['ros']
[4.655s] Level 1:colcon.colcon_core.package_identification:_identify(launch/__pycache__) by extension 'ros'
[4.655s] Level 1:colcon.colcon_core.package_identification:_identify(launch/__pycache__) by extensions ['cmake', 'python']
[4.655s] Level 1:colcon.colcon_core.package_identification:_identify(launch/__pycache__) by extension 'cmake'
[4.655s] Level 1:colcon.colcon_core.package_identification:_identify(launch/__pycache__) by extension 'python'
[4.655s] Level 1:colcon.colcon_core.package_identification:_identify(launch/__pycache__) by extensions ['python_setup_py']
[4.655s] Level 1:colcon.colcon_core.package_identification:_identify(launch/__pycache__) by extension 'python_setup_py'
[4.655s] Level 1:colcon.colcon_core.package_identification:_identify(log) by extensions ['ignore', 'ignore_ament_install']
[4.655s] Level 1:colcon.colcon_core.package_identification:_identify(log) by extension 'ignore'
[4.655s] Level 1:colcon.colcon_core.package_identification:_identify(log) ignored
[4.655s] Level 1:colcon.colcon_core.package_identification:_identify(src) by extensions ['ignore', 'ignore_ament_install']
[4.655s] Level 1:colcon.colcon_core.package_identification:_identify(src) by extension 'ignore'
[4.655s] Level 1:colcon.colcon_core.package_identification:_identify(src) by extension 'ignore_ament_install'
[4.655s] Level 1:colcon.colcon_core.package_identification:_identify(src) by extensions ['colcon_pkg']
[4.656s] Level 1:colcon.colcon_core.package_identification:_identify(src) by extension 'colcon_pkg'
[4.656s] Level 1:colcon.colcon_core.package_identification:_identify(src) by extensions ['colcon_meta']
[4.656s] Level 1:colcon.colcon_core.package_identification:_identify(src) by extension 'colcon_meta'
[4.656s] Level 1:colcon.colcon_core.package_identification:_identify(src) by extensions ['ros']
[4.656s] Level 1:colcon.colcon_core.package_identification:_identify(src) by extension 'ros'
[4.656s] Level 1:colcon.colcon_core.package_identification:_identify(src) by extensions ['cmake', 'python']
[4.656s] Level 1:colcon.colcon_core.package_identification:_identify(src) by extension 'cmake'
[4.656s] Level 1:colcon.colcon_core.package_identification:_identify(src) by extension 'python'
[4.656s] Level 1:colcon.colcon_core.package_identification:_identify(src) by extensions ['python_setup_py']
[4.656s] Level 1:colcon.colcon_core.package_identification:_identify(src) by extension 'python_setup_py'
[4.656s] Level 1:colcon.colcon_core.package_identification:_identify(src/interceptor) by extensions ['ignore', 'ignore_ament_install']
[4.656s] Level 1:colcon.colcon_core.package_identification:_identify(src/interceptor) by extension 'ignore'
[4.656s] Level 1:colcon.colcon_core.package_identification:_identify(src/interceptor) by extension 'ignore_ament_install'
[4.656s] Level 1:colcon.colcon_core.package_identification:_identify(src/interceptor) by extensions ['colcon_pkg']
[4.656s] Level 1:colcon.colcon_core.package_identification:_identify(src/interceptor) by extension 'colcon_pkg'
[4.656s] Level 1:colcon.colcon_core.package_identification:_identify(src/interceptor) by extensions ['colcon_meta']
[4.656s] Level 1:colcon.colcon_core.package_identification:_identify(src/interceptor) by extension 'colcon_meta'
[4.656s] Level 1:colcon.colcon_core.package_identification:_identify(src/interceptor) by extensions ['ros']
[4.656s] Level 1:colcon.colcon_core.package_identification:_identify(src/interceptor) by extension 'ros'
[4.658s] DEBUG:colcon.colcon_core.package_identification:Package 'src/interceptor' with type 'ros.ament_python' and name 'interceptor'
[4.659s] Level 1:colcon.colcon_core.package_identification:_identify(src/route_initializer) by extensions ['ignore', 'ignore_ament_install']
[4.659s] Level 1:colcon.colcon_core.package_identification:_identify(src/route_initializer) by extension 'ignore'
[4.659s] Level 1:colcon.colcon_core.package_identification:_identify(src/route_initializer) by extension 'ignore_ament_install'
[4.659s] Level 1:colcon.colcon_core.package_identification:_identify(src/route_initializer) by extensions ['colcon_pkg']
[4.659s] Level 1:colcon.colcon_core.package_identification:_identify(src/route_initializer) by extension 'colcon_pkg'
[4.659s] Level 1:colcon.colcon_core.package_identification:_identify(src/route_initializer) by extensions ['colcon_meta']
[4.659s] Level 1:colcon.colcon_core.package_identification:_identify(src/route_initializer) by extension 'colcon_meta'
[4.659s] Level 1:colcon.colcon_core.package_identification:_identify(src/route_initializer) by extensions ['ros']
[4.659s] Level 1:colcon.colcon_core.package_identification:_identify(src/route_initializer) by extension 'ros'
[4.660s] DEBUG:colcon.colcon_core.package_identification:Package 'src/route_initializer' with type 'ros.ament_python' and name 'route_initializer'
[4.660s] Level 1:colcon.colcon_core.package_identification:_identify(src/tank_controller) by extensions ['ignore', 'ignore_ament_install']
[4.660s] Level 1:colcon.colcon_core.package_identification:_identify(src/tank_controller) by extension 'ignore'
[4.660s] Level 1:colcon.colcon_core.package_identification:_identify(src/tank_controller) by extension 'ignore_ament_install'
[4.660s] Level 1:colcon.colcon_core.package_identification:_identify(src/tank_controller) by extensions ['colcon_pkg']
[4.660s] Level 1:colcon.colcon_core.package_identification:_identify(src/tank_controller) by extension 'colcon_pkg'
[4.660s] Level 1:colcon.colcon_core.package_identification:_identify(src/tank_controller) by extensions ['colcon_meta']
[4.660s] Level 1:colcon.colcon_core.package_identification:_identify(src/tank_controller) by extension 'colcon_meta'
[4.660s] Level 1:colcon.colcon_core.package_identification:_identify(src/tank_controller) by extensions ['ros']
[4.660s] Level 1:colcon.colcon_core.package_identification:_identify(src/tank_controller) by extension 'ros'
[4.661s] DEBUG:colcon.colcon_core.package_identification:Package 'src/tank_controller' with type 'ros.ament_python' and name 'tank_controller'
[4.661s] Level 1:colcon.colcon_core.package_discovery:discover_packages(recursive) using defaults
[4.661s] Level 1:colcon.colcon_core.package_discovery:discover_packages(ignore) discover
[4.661s] Level 1:colcon.colcon_core.package_discovery:discover_packages(ignore) using defaults
[4.661s] Level 1:colcon.colcon_core.package_discovery:discover_packages(path) discover
[4.661s] Level 1:colcon.colcon_core.package_discovery:discover_packages(path) using defaults
[4.975s] Level 1:colcon.colcon_core.package_discovery:discover_packages(prefix_path) check parameters
[4.975s] Level 1:colcon.colcon_core.package_discovery:discover_packages(prefix_path) discover
[5.103s] DEBUG:colcon.colcon_installed_package_information.package_discovery:Found 3 installed packages in /home/hicsea/Desktop/tanksim_ws/install
[5.165s] DEBUG:colcon.colcon_installed_package_information.package_discovery:Found 327 installed packages in /opt/ros/galactic
[5.166s] Level 1:colcon.colcon_core.package_discovery:discover_packages(prefix_path) using defaults
[5.370s] Level 5:colcon.colcon_core.verb:set package 'interceptor' build argument 'cmake_args' from command line to 'None'
[5.370s] Level 5:colcon.colcon_core.verb:set package 'interceptor' build argument 'cmake_target' from command line to 'None'
[5.370s] Level 5:colcon.colcon_core.verb:set package 'interceptor' build argument 'cmake_target_skip_unavailable' from command line to 'False'
[5.370s] Level 5:colcon.colcon_core.verb:set package 'interceptor' build argument 'cmake_clean_cache' from command line to 'False'
[5.370s] Level 5:colcon.colcon_core.verb:set package 'interceptor' build argument 'cmake_clean_first' from command line to 'False'
[5.370s] Level 5:colcon.colcon_core.verb:set package 'interceptor' build argument 'cmake_force_configure' from command line to 'False'
[5.370s] Level 5:colcon.colcon_core.verb:set package 'interceptor' build argument 'ament_cmake_args' from command line to 'None'
[5.370s] Level 5:colcon.colcon_core.verb:set package 'interceptor' build argument 'catkin_cmake_args' from command line to 'None'
[5.370s] Level 5:colcon.colcon_core.verb:set package 'interceptor' build argument 'catkin_skip_building_tests' from command line to 'False'
[5.370s] DEBUG:colcon.colcon_core.verb:Building package 'interceptor' with the following arguments: {'ament_cmake_args': None, 'build_base': '/home/hicsea/Desktop/tanksim_ws/build/interceptor', 'catkin_cmake_args': None, 'catkin_skip_building_tests': False, 'cmake_args': None, 'cmake_clean_cache': False, 'cmake_clean_first': False, 'cmake_force_configure': False, 'cmake_target': None, 'cmake_target_skip_unavailable': False, 'install_base': '/home/hicsea/Desktop/tanksim_ws/install/interceptor', 'merge_install': False, 'path': '/home/hicsea/Desktop/tanksim_ws/src/interceptor', 'symlink_install': True, 'test_result_base': None}
[5.430s] Level 5:colcon.colcon_core.verb:set package 'route_initializer' build argument 'cmake_args' from command line to 'None'
[5.430s] Level 5:colcon.colcon_core.verb:set package 'route_initializer' build argument 'cmake_target' from command line to 'None'
[5.430s] Level 5:colcon.colcon_core.verb:set package 'route_initializer' build argument 'cmake_target_skip_unavailable' from command line to 'False'
[5.430s] Level 5:colcon.colcon_core.verb:set package 'route_initializer' build argument 'cmake_clean_cache' from command line to 'False'
[5.430s] Level 5:colcon.colcon_core.verb:set package 'route_initializer' build argument 'cmake_clean_first' from command line to 'False'
[5.430s] Level 5:colcon.colcon_core.verb:set package 'route_initializer' build argument 'cmake_force_configure' from command line to 'False'
[5.430s] Level 5:colcon.colcon_core.verb:set package 'route_initializer' build argument 'ament_cmake_args' from command line to 'None'
[5.430s] Level 5:colcon.colcon_core.verb:set package 'route_initializer' build argument 'catkin_cmake_args' from command line to 'None'
[5.430s] Level 5:colcon.colcon_core.verb:set package 'route_initializer' build argument 'catkin_skip_building_tests' from command line to 'False'
[5.430s] DEBUG:colcon.colcon_core.verb:Building package 'route_initializer' with the following arguments: {'ament_cmake_args': None, 'build_base': '/home/hicsea/Desktop/tanksim_ws/build/route_initializer', 'catkin_cmake_args': None, 'catkin_skip_building_tests': False, 'cmake_args': None, 'cmake_clean_cache': False, 'cmake_clean_first': False, 'cmake_force_configure': False, 'cmake_target': None, 'cmake_target_skip_unavailable': False, 'install_base': '/home/hicsea/Desktop/tanksim_ws/install/route_initializer', 'merge_install': False, 'path': '/home/hicsea/Desktop/tanksim_ws/src/route_initializer', 'symlink_install': True, 'test_result_base': None}
[5.496s] Level 5:colcon.colcon_core.verb:set package 'tank_controller' build argument 'cmake_args' from command line to 'None'
[5.496s] Level 5:colcon.colcon_core.verb:set package 'tank_controller' build argument 'cmake_target' from command line to 'None'
[5.496s] Level 5:colcon.colcon_core.verb:set package 'tank_controller' build argument 'cmake_target_skip_unavailable' from command line to 'False'
[5.496s] Level 5:colcon.colcon_core.verb:set package 'tank_controller' build argument 'cmake_clean_cache' from command line to 'False'
[5.496s] Level 5:colcon.colcon_core.verb:set package 'tank_controller' build argument 'cmake_clean_first' from command line to 'False'
[5.496s] Level 5:colcon.colcon_core.verb:set package 'tank_controller' build argument 'cmake_force_configure' from command line to 'False'
[5.497s] Level 5:colcon.colcon_core.verb:set package 'tank_controller' build argument 'ament_cmake_args' from command line to 'None'
[5.497s] Level 5:colcon.colcon_core.verb:set package 'tank_controller' build argument 'catkin_cmake_args' from command line to 'None'
[5.497s] Level 5:colcon.colcon_core.verb:set package 'tank_controller' build argument 'catkin_skip_building_tests' from command line to 'False'
[5.497s] DEBUG:colcon.colcon_core.verb:Building package 'tank_controller' with the following arguments: {'ament_cmake_args': None, 'build_base': '/home/hicsea/Desktop/tanksim_ws/build/tank_controller', 'catkin_cmake_args': None, 'catkin_skip_building_tests': False, 'cmake_args': None, 'cmake_clean_cache': False, 'cmake_clean_first': False, 'cmake_force_configure': False, 'cmake_target': None, 'cmake_target_skip_unavailable': False, 'install_base': '/home/hicsea/Desktop/tanksim_ws/install/tank_controller', 'merge_install': False, 'path': '/home/hicsea/Desktop/tanksim_ws/src/tank_controller', 'symlink_install': True, 'test_result_base': None}
[5.556s] INFO:colcon.colcon_core.executor:Executing jobs using 'parallel' executor
[5.616s] DEBUG:colcon.colcon_parallel_executor.executor.parallel:run_until_complete
[5.616s] INFO:colcon.colcon_ros.task.ament_python.build:Building ROS package in '/home/hicsea/Desktop/tanksim_ws/src/route_initializer' with build type 'ament_python'
[5.616s] Level 1:colcon.colcon_core.shell:create_environment_hook('route_initializer', 'ament_prefix_path')
[5.679s] INFO:colcon.colcon_core.plugin_system:Skipping extension 'colcon_core.shell.bat': Not used on non-Windows systems
[5.679s] INFO:colcon.colcon_core.shell:Creating environment hook '/home/hicsea/Desktop/tanksim_ws/install/route_initializer/share/route_initializer/hook/ament_prefix_path.ps1'
[5.679s] INFO:colcon.colcon_core.shell:Creating environment descriptor '/home/hicsea/Desktop/tanksim_ws/install/route_initializer/share/route_initializer/hook/ament_prefix_path.dsv'
[5.680s] INFO:colcon.colcon_core.shell:Creating environment hook '/home/hicsea/Desktop/tanksim_ws/install/route_initializer/share/route_initializer/hook/ament_prefix_path.sh'
[5.742s] INFO:colcon.colcon_core.shell:Skip shell extension 'powershell' for command environment: Not usable outside of PowerShell
[5.742s] DEBUG:colcon.colcon_core.shell:Skip shell extension 'dsv' for command environment
[5.927s] INFO:colcon.colcon_ros.task.ament_python.build:Building ROS package in '/home/hicsea/Desktop/tanksim_ws/src/interceptor' with build type 'ament_python'
[5.927s] Level 1:colcon.colcon_core.shell:create_environment_hook('interceptor', 'ament_prefix_path')
[5.990s] INFO:colcon.colcon_core.shell:Creating environment hook '/home/hicsea/Desktop/tanksim_ws/install/interceptor/share/interceptor/hook/ament_prefix_path.ps1'
[5.990s] INFO:colcon.colcon_core.shell:Creating environment descriptor '/home/hicsea/Desktop/tanksim_ws/install/interceptor/share/interceptor/hook/ament_prefix_path.dsv'
[5.991s] INFO:colcon.colcon_core.shell:Creating environment hook '/home/hicsea/Desktop/tanksim_ws/install/interceptor/share/interceptor/hook/ament_prefix_path.sh'
[6.052s] INFO:colcon.colcon_core.shell:Skip shell extension 'powershell' for command environment: Not usable outside of PowerShell
[6.052s] DEBUG:colcon.colcon_core.shell:Skip shell extension 'dsv' for command environment
[6.532s] INFO:colcon.colcon_core.task.python.build:Building Python package in '/home/hicsea/Desktop/tanksim_ws/src/route_initializer'
[6.595s] INFO:colcon.colcon_core.shell:Skip shell extension 'powershell' for command environment: Not usable outside of PowerShell
[6.595s] DEBUG:colcon.colcon_core.shell:Skip shell extension 'dsv' for command environment
[7.073s] INFO:colcon.colcon_core.task.python.build:Building Python package in '/home/hicsea/Desktop/tanksim_ws/src/interceptor'
[7.135s] INFO:colcon.colcon_core.shell:Skip shell extension 'powershell' for command environment: Not usable outside of PowerShell
[7.135s] DEBUG:colcon.colcon_core.shell:Skip shell extension 'dsv' for command environment
[7.775s] DEBUG:colcon.colcon_core.event_handler.log_command:Invoking command in '/home/hicsea/Desktop/tanksim_ws/build/route_initializer': PYTHONPATH=/home/hicsea/Desktop/tanksim_ws/build/route_initializer/prefix_override:/home/hicsea/Desktop/tanksim_ws/install/route_initializer/lib/python3.8/site-packages:${PYTHONPATH} /usr/bin/python3 setup.py develop --editable --build-directory /home/hicsea/Desktop/tanksim_ws/build/route_initializer/build --no-deps install_data
[7.784s] DEBUG:colcon.colcon_core.event_handler.log_command:Invoking command in '/home/hicsea/Desktop/tanksim_ws/build/interceptor': PYTHONPATH=/home/hicsea/Desktop/tanksim_ws/build/interceptor/prefix_override:/home/hicsea/Desktop/tanksim_ws/install/interceptor/lib/python3.8/site-packages:${PYTHONPATH} /usr/bin/python3 setup.py develop --editable --build-directory /home/hicsea/Desktop/tanksim_ws/build/interceptor/build --no-deps install_data
[8.349s] Level 1:colcon.colcon_core.shell:create_environment_hook('route_initializer', 'pythonpath_develop')
[8.349s] DEBUG:colcon.colcon_core.event_handler.log_command:Invoked command in '/home/hicsea/Desktop/tanksim_ws/build/route_initializer' returned '0': PYTHONPATH=/home/hicsea/Desktop/tanksim_ws/build/route_initializer/prefix_override:/home/hicsea/Desktop/tanksim_ws/install/route_initializer/lib/python3.8/site-packages:${PYTHONPATH} /usr/bin/python3 setup.py develop --editable --build-directory /home/hicsea/Desktop/tanksim_ws/build/route_initializer/build --no-deps install_data
[8.413s] INFO:colcon.colcon_core.shell:Creating environment hook '/home/hicsea/Desktop/tanksim_ws/build/route_initializer/share/route_initializer/hook/pythonpath_develop.ps1'
[8.413s] INFO:colcon.colcon_core.shell:Creating environment descriptor '/home/hicsea/Desktop/tanksim_ws/build/route_initializer/share/route_initializer/hook/pythonpath_develop.dsv'
[8.414s] INFO:colcon.colcon_core.shell:Creating environment hook '/home/hicsea/Desktop/tanksim_ws/build/route_initializer/share/route_initializer/hook/pythonpath_develop.sh'
[8.478s] Level 1:colcon.colcon_core.environment:checking '/home/hicsea/Desktop/tanksim_ws/install/route_initializer' for CMake module files
[8.478s] Level 1:colcon.colcon_core.environment:checking '/home/hicsea/Desktop/tanksim_ws/install/route_initializer' for CMake config files
[8.479s] Level 1:colcon.colcon_core.environment:checking '/home/hicsea/Desktop/tanksim_ws/install/route_initializer/lib'
[8.479s] Level 1:colcon.colcon_core.environment:checking '/home/hicsea/Desktop/tanksim_ws/install/route_initializer/bin'
[8.479s] Level 1:colcon.colcon_core.environment:checking '/home/hicsea/Desktop/tanksim_ws/install/route_initializer/lib/pkgconfig/route_initializer.pc'
[8.479s] Level 1:colcon.colcon_core.environment:checking '/home/hicsea/Desktop/tanksim_ws/install/route_initializer/lib/python3.8/site-packages'
[8.479s] Level 1:colcon.colcon_core.shell:create_environment_hook('route_initializer', 'pythonpath')
[8.540s] INFO:colcon.colcon_core.shell:Creating environment hook '/home/hicsea/Desktop/tanksim_ws/install/route_initializer/share/route_initializer/hook/pythonpath.ps1'
[8.541s] INFO:colcon.colcon_core.shell:Creating environment descriptor '/home/hicsea/Desktop/tanksim_ws/install/route_initializer/share/route_initializer/hook/pythonpath.dsv'
[8.541s] INFO:colcon.colcon_core.shell:Creating environment hook '/home/hicsea/Desktop/tanksim_ws/install/route_initializer/share/route_initializer/hook/pythonpath.sh'
[8.541s] Level 1:colcon.colcon_core.environment:checking '/home/hicsea/Desktop/tanksim_ws/install/route_initializer/bin'
[8.541s] Level 1:colcon.colcon_core.environment:create_environment_scripts_only(route_initializer)
[8.602s] INFO:colcon.colcon_core.shell:Creating package script '/home/hicsea/Desktop/tanksim_ws/install/route_initializer/share/route_initializer/package.ps1'
[8.603s] INFO:colcon.colcon_core.shell:Creating package descriptor '/home/hicsea/Desktop/tanksim_ws/install/route_initializer/share/route_initializer/package.dsv'
[8.604s] INFO:colcon.colcon_core.shell:Creating package script '/home/hicsea/Desktop/tanksim_ws/install/route_initializer/share/route_initializer/package.sh'
[8.604s] INFO:colcon.colcon_core.shell:Creating package script '/home/hicsea/Desktop/tanksim_ws/install/route_initializer/share/route_initializer/package.bash'
[8.605s] INFO:colcon.colcon_core.shell:Creating package script '/home/hicsea/Desktop/tanksim_ws/install/route_initializer/share/route_initializer/package.zsh'
[8.605s] Level 1:colcon.colcon_core.environment:create_file_with_runtime_dependencies(/home/hicsea/Desktop/tanksim_ws/install/route_initializer/share/colcon-core/packages/route_initializer)
[8.606s] INFO:colcon.colcon_ros.task.ament_python.build:Building ROS package in '/home/hicsea/Desktop/tanksim_ws/src/tank_controller' with build type 'ament_python'
[8.606s] Level 1:colcon.colcon_core.shell:create_environment_hook('tank_controller', 'ament_prefix_path')
[8.669s] INFO:colcon.colcon_core.shell:Creating environment hook '/home/hicsea/Desktop/tanksim_ws/install/tank_controller/share/tank_controller/hook/ament_prefix_path.ps1'
[8.669s] INFO:colcon.colcon_core.shell:Creating environment descriptor '/home/hicsea/Desktop/tanksim_ws/install/tank_controller/share/tank_controller/hook/ament_prefix_path.dsv'
[8.669s] INFO:colcon.colcon_core.shell:Creating environment hook '/home/hicsea/Desktop/tanksim_ws/install/tank_controller/share/tank_controller/hook/ament_prefix_path.sh'
[8.731s] INFO:colcon.colcon_core.shell:Skip shell extension 'powershell' for command environment: Not usable outside of PowerShell
[8.731s] DEBUG:colcon.colcon_core.shell:Skip shell extension 'dsv' for command environment
[8.918s] Level 1:colcon.colcon_core.shell:create_environment_hook('interceptor', 'pythonpath_develop')
[8.919s] DEBUG:colcon.colcon_core.event_handler.log_command:Invoked command in '/home/hicsea/Desktop/tanksim_ws/build/interceptor' returned '0': PYTHONPATH=/home/hicsea/Desktop/tanksim_ws/build/interceptor/prefix_override:/home/hicsea/Desktop/tanksim_ws/install/interceptor/lib/python3.8/site-packages:${PYTHONPATH} /usr/bin/python3 setup.py develop --editable --build-directory /home/hicsea/Desktop/tanksim_ws/build/interceptor/build --no-deps install_data
[8.981s] INFO:colcon.colcon_core.shell:Creating environment hook '/home/hicsea/Desktop/tanksim_ws/build/interceptor/share/interceptor/hook/pythonpath_develop.ps1'
[8.982s] INFO:colcon.colcon_core.shell:Creating environment descriptor '/home/hicsea/Desktop/tanksim_ws/build/interceptor/share/interceptor/hook/pythonpath_develop.dsv'
[8.982s] INFO:colcon.colcon_core.shell:Creating environment hook '/home/hicsea/Desktop/tanksim_ws/build/interceptor/share/interceptor/hook/pythonpath_develop.sh'
[9.043s] Level 1:colcon.colcon_core.environment:checking '/home/hicsea/Desktop/tanksim_ws/install/interceptor' for CMake module files
[9.044s] Level 1:colcon.colcon_core.environment:checking '/home/hicsea/Desktop/tanksim_ws/install/interceptor' for CMake config files
[9.044s] Level 1:colcon.colcon_core.environment:checking '/home/hicsea/Desktop/tanksim_ws/install/interceptor/lib'
[9.044s] Level 1:colcon.colcon_core.environment:checking '/home/hicsea/Desktop/tanksim_ws/install/interceptor/bin'
[9.044s] Level 1:colcon.colcon_core.environment:checking '/home/hicsea/Desktop/tanksim_ws/install/interceptor/lib/pkgconfig/interceptor.pc'
[9.044s] Level 1:colcon.colcon_core.environment:checking '/home/hicsea/Desktop/tanksim_ws/install/interceptor/lib/python3.8/site-packages'
[9.044s] Level 1:colcon.colcon_core.shell:create_environment_hook('interceptor', 'pythonpath')
[9.105s] INFO:colcon.colcon_core.shell:Creating environment hook '/home/hicsea/Desktop/tanksim_ws/install/interceptor/share/interceptor/hook/pythonpath.ps1'
[9.105s] INFO:colcon.colcon_core.shell:Creating environment descriptor '/home/hicsea/Desktop/tanksim_ws/install/interceptor/share/interceptor/hook/pythonpath.dsv'
[9.106s] INFO:colcon.colcon_core.shell:Creating environment hook '/home/hicsea/Desktop/tanksim_ws/install/interceptor/share/interceptor/hook/pythonpath.sh'
[9.106s] Level 1:colcon.colcon_core.environment:checking '/home/hicsea/Desktop/tanksim_ws/install/interceptor/bin'
[9.106s] Level 1:colcon.colcon_core.environment:create_environment_scripts_only(interceptor)
[9.167s] INFO:colcon.colcon_core.shell:Creating package script '/home/hicsea/Desktop/tanksim_ws/install/interceptor/share/interceptor/package.ps1'
[9.168s] INFO:colcon.colcon_core.shell:Creating package descriptor '/home/hicsea/Desktop/tanksim_ws/install/interceptor/share/interceptor/package.dsv'
[9.168s] INFO:colcon.colcon_core.shell:Creating package script '/home/hicsea/Desktop/tanksim_ws/install/interceptor/share/interceptor/package.sh'
[9.168s] INFO:colcon.colcon_core.shell:Creating package script '/home/hicsea/Desktop/tanksim_ws/install/interceptor/share/interceptor/package.bash'
[9.169s] INFO:colcon.colcon_core.shell:Creating package script '/home/hicsea/Desktop/tanksim_ws/install/interceptor/share/interceptor/package.zsh'
[9.169s] Level 1:colcon.colcon_core.environment:create_file_with_runtime_dependencies(/home/hicsea/Desktop/tanksim_ws/install/interceptor/share/colcon-core/packages/interceptor)
[9.461s] INFO:colcon.colcon_core.task.python.build:Building Python package in '/home/hicsea/Desktop/tanksim_ws/src/tank_controller'
[9.523s] INFO:colcon.colcon_core.shell:Skip shell extension 'powershell' for command environment: Not usable outside of PowerShell
[9.523s] DEBUG:colcon.colcon_core.shell:Skip shell extension 'dsv' for command environment
[10.158s] DEBUG:colcon.colcon_core.event_handler.log_command:Invoking command in '/home/hicsea/Desktop/tanksim_ws/build/tank_controller': AMENT_PREFIX_PATH=/home/hicsea/Desktop/tanksim_ws/install/route_initializer:/home/hicsea/Desktop/tanksim_ws/install/tank_controller:/home/hicsea/Desktop/tanksim_ws/install/interceptor:/opt/ros/galactic PYTHONPATH=/home/hicsea/Desktop/tanksim_ws/build/tank_controller/prefix_override:/home/hicsea/Desktop/tanksim_ws/install/tank_controller/lib/python3.8/site-packages:/home/hicsea/Desktop/tanksim_ws/build/route_initializer:/home/hicsea/Desktop/tanksim_ws/install/route_initializer/lib/python3.8/site-packages:/home/hicsea/Desktop/tanksim_ws/build/tank_controller:/home/hicsea/Desktop/tanksim_ws/install/tank_controller/lib/python3.8/site-packages:/home/hicsea/Desktop/tanksim_ws/build/interceptor:/home/hicsea/Desktop/tanksim_ws/install/interceptor/lib/python3.8/site-packages:/opt/ros/galactic/lib/python3.8/site-packages:/opt/carla-simulator/PythonAPI:/opt/carla-simulator/PythonAPI/util:/opt/carla-simulator/PythonAPI/carla:/opt/carla-simulator/PythonAPI/carla/agents:/opt/carla-simulator/PythonAPI/carla/dist/carla-0.9.13-py3.7-linux-x86_64.egg /usr/bin/python3 setup.py develop --editable --build-directory /home/hicsea/Desktop/tanksim_ws/build/tank_controller/build --no-deps install_data
[10.710s] Level 1:colcon.colcon_core.shell:create_environment_hook('tank_controller', 'pythonpath_develop')
[10.711s] DEBUG:colcon.colcon_core.event_handler.log_command:Invoked command in '/home/hicsea/Desktop/tanksim_ws/build/tank_controller' returned '0': AMENT_PREFIX_PATH=/home/hicsea/Desktop/tanksim_ws/install/route_initializer:/home/hicsea/Desktop/tanksim_ws/install/tank_controller:/home/hicsea/Desktop/tanksim_ws/install/interceptor:/opt/ros/galactic PYTHONPATH=/home/hicsea/Desktop/tanksim_ws/build/tank_controller/prefix_override:/home/hicsea/Desktop/tanksim_ws/install/tank_controller/lib/python3.8/site-packages:/home/hicsea/Desktop/tanksim_ws/build/route_initializer:/home/hicsea/Desktop/tanksim_ws/install/route_initializer/lib/python3.8/site-packages:/home/hicsea/Desktop/tanksim_ws/build/tank_controller:/home/hicsea/Desktop/tanksim_ws/install/tank_controller/lib/python3.8/site-packages:/home/hicsea/Desktop/tanksim_ws/build/interceptor:/home/hicsea/Desktop/tanksim_ws/install/interceptor/lib/python3.8/site-packages:/opt/ros/galactic/lib/python3.8/site-packages:/opt/carla-simulator/PythonAPI:/opt/carla-simulator/PythonAPI/util:/opt/carla-simulator/PythonAPI/carla:/opt/carla-simulator/PythonAPI/carla/agents:/opt/carla-simulator/PythonAPI/carla/dist/carla-0.9.13-py3.7-linux-x86_64.egg /usr/bin/python3 setup.py develop --editable --build-directory /home/hicsea/Desktop/tanksim_ws/build/tank_controller/build --no-deps install_data
[10.773s] INFO:colcon.colcon_core.shell:Creating environment hook '/home/hicsea/Desktop/tanksim_ws/build/tank_controller/share/tank_controller/hook/pythonpath_develop.ps1'
[10.773s] INFO:colcon.colcon_core.shell:Creating environment descriptor '/home/hicsea/Desktop/tanksim_ws/build/tank_controller/share/tank_controller/hook/pythonpath_develop.dsv'
[10.773s] INFO:colcon.colcon_core.shell:Creating environment hook '/home/hicsea/Desktop/tanksim_ws/build/tank_controller/share/tank_controller/hook/pythonpath_develop.sh'
[10.834s] Level 1:colcon.colcon_core.environment:checking '/home/hicsea/Desktop/tanksim_ws/install/tank_controller' for CMake module files
[10.835s] Level 1:colcon.colcon_core.environment:checking '/home/hicsea/Desktop/tanksim_ws/install/tank_controller' for CMake config files
[10.835s] Level 1:colcon.colcon_core.environment:checking '/home/hicsea/Desktop/tanksim_ws/install/tank_controller/lib'
[10.835s] Level 1:colcon.colcon_core.environment:checking '/home/hicsea/Desktop/tanksim_ws/install/tank_controller/bin'
[10.835s] Level 1:colcon.colcon_core.environment:checking '/home/hicsea/Desktop/tanksim_ws/install/tank_controller/lib/pkgconfig/tank_controller.pc'
[10.835s] Level 1:colcon.colcon_core.environment:checking '/home/hicsea/Desktop/tanksim_ws/install/tank_controller/lib/python3.8/site-packages'
[10.835s] Level 1:colcon.colcon_core.shell:create_environment_hook('tank_controller', 'pythonpath')
[10.896s] INFO:colcon.colcon_core.shell:Creating environment hook '/home/hicsea/Desktop/tanksim_ws/install/tank_controller/share/tank_controller/hook/pythonpath.ps1'
[10.896s] INFO:colcon.colcon_core.shell:Creating environment descriptor '/home/hicsea/Desktop/tanksim_ws/install/tank_controller/share/tank_controller/hook/pythonpath.dsv'
[10.896s] INFO:colcon.colcon_core.shell:Creating environment hook '/home/hicsea/Desktop/tanksim_ws/install/tank_controller/share/tank_controller/hook/pythonpath.sh'
[10.897s] Level 1:colcon.colcon_core.environment:checking '/home/hicsea/Desktop/tanksim_ws/install/tank_controller/bin'
[10.897s] Level 1:colcon.colcon_core.environment:create_environment_scripts_only(tank_controller)
[10.957s] INFO:colcon.colcon_core.shell:Creating package script '/home/hicsea/Desktop/tanksim_ws/install/tank_controller/share/tank_controller/package.ps1'
[10.957s] INFO:colcon.colcon_core.shell:Creating package descriptor '/home/hicsea/Desktop/tanksim_ws/install/tank_controller/share/tank_controller/package.dsv'
[10.958s] INFO:colcon.colcon_core.shell:Creating package script '/home/hicsea/Desktop/tanksim_ws/install/tank_controller/share/tank_controller/package.sh'
[10.958s] INFO:colcon.colcon_core.shell:Creating package script '/home/hicsea/Desktop/tanksim_ws/install/tank_controller/share/tank_controller/package.bash'
[10.958s] INFO:colcon.colcon_core.shell:Creating package script '/home/hicsea/Desktop/tanksim_ws/install/tank_controller/share/tank_controller/package.zsh'
[10.959s] Level 1:colcon.colcon_core.environment:create_file_with_runtime_dependencies(/home/hicsea/Desktop/tanksim_ws/install/tank_controller/share/colcon-core/packages/tank_controller)
[10.959s] DEBUG:colcon.colcon_parallel_executor.executor.parallel:closing loop
[10.959s] DEBUG:colcon.colcon_parallel_executor.executor.parallel:loop closed
[10.959s] DEBUG:colcon.colcon_parallel_executor.executor.parallel:run_until_complete finished with '0'
[10.959s] DEBUG:colcon.colcon_core.event_reactor:joining thread
[11.026s] INFO:colcon.colcon_core.plugin_system:Skipping extension 'colcon_notification.desktop_notification.terminal_notifier': Not used on non-Darwin systems
[11.026s] INFO:colcon.colcon_core.plugin_system:Skipping extension 'colcon_notification.desktop_notification.win32': Not used on non-Windows systems
[11.026s] INFO:colcon.colcon_notification.desktop_notification:Sending desktop notification using 'notify2'
[11.038s] DEBUG:colcon.colcon_core.event_reactor:joined thread
[11.101s] INFO:colcon.colcon_core.shell:Creating prefix script '/home/hicsea/Desktop/tanksim_ws/install/local_setup.ps1'
[11.102s] INFO:colcon.colcon_core.shell:Creating prefix util module '/home/hicsea/Desktop/tanksim_ws/install/_local_setup_util_ps1.py'
[11.103s] INFO:colcon.colcon_core.shell:Creating prefix chain script '/home/hicsea/Desktop/tanksim_ws/install/setup.ps1'
[11.167s] INFO:colcon.colcon_core.shell:Creating prefix script '/home/hicsea/Desktop/tanksim_ws/install/local_setup.sh'
[11.167s] INFO:colcon.colcon_core.shell:Creating prefix util module '/home/hicsea/Desktop/tanksim_ws/install/_local_setup_util_sh.py'
[11.168s] INFO:colcon.colcon_core.shell:Creating prefix chain script '/home/hicsea/Desktop/tanksim_ws/install/setup.sh'
[11.231s] INFO:colcon.colcon_core.shell:Creating prefix script '/home/hicsea/Desktop/tanksim_ws/install/local_setup.bash'
[11.231s] INFO:colcon.colcon_core.shell:Creating prefix chain script '/home/hicsea/Desktop/tanksim_ws/install/setup.bash'
[11.293s] INFO:colcon.colcon_core.shell:Creating prefix script '/home/hicsea/Desktop/tanksim_ws/install/local_setup.zsh'
[11.293s] INFO:colcon.colcon_core.shell:Creating prefix chain script '/home/hicsea/Desktop/tanksim_ws/install/setup.zsh'
