[4.402s] DEBUG:colcon:Command line arguments: ['/bin/colcon', 'build', '--symlink-install']
[4.402s] DEBUG:colcon:Parsed command line arguments: Namespace(allow_overriding=[], ament_cmake_args=None, base_paths=['.'], build_base='build', catkin_cmake_args=None, catkin_skip_building_tests=False, cmake_args=None, cmake_clean_cache=False, cmake_clean_first=False, cmake_force_configure=False, cmake_target=None, cmake_target_skip_unavailable=False, continue_on_error=False, event_handlers=None, executor='parallel', ignore_user_meta=False, install_base='install', log_base=None, log_level=None, main=<bound method BuildVerb.main of <colcon_core.verb.build.BuildVerb object at 0x7fa113cbd910>>, merge_install=False, metas=['./colcon.meta'], mixin=None, mixin_files=None, mixin_verb=('build',), packages_above=None, packages_above_and_dependencies=None, packages_above_depth=None, packages_end=None, packages_ignore=None, packages_ignore_regex=None, packages_select=None, packages_select_build_failed=False, packages_select_by_dep=None, packages_select_regex=None, packages_select_test_failures=False, packages_skip=None, packages_skip_build_finished=False, packages_skip_by_dep=None, packages_skip_regex=None, packages_skip_test_passed=False, packages_skip_up_to=None, packages_start=None, packages_up_to=None, packages_up_to_regex=None, parallel_workers=6, paths=None, symlink_install=True, test_result_base=None, verb_extension=<colcon_core.verb.build.BuildVerb object at 0x7fa113cbd910>, verb_name='build', verb_parser=<colcon_mixin.mixin.mixin_argument.MixinArgumentDecorator object at 0x7fa113820a30>)
[4.539s] Level 1:colcon.colcon_core.package_discovery:discover_packages(colcon_meta) check parameters
[4.539s] Level 1:colcon.colcon_core.package_discovery:discover_packages(recursive) check parameters
[4.539s] Level 1:colcon.colcon_core.package_discovery:discover_packages(ignore) check parameters
[4.539s] Level 1:colcon.colcon_core.package_discovery:discover_packages(path) check parameters
[4.539s] Level 1:colcon.colcon_core.package_discovery:discover_packages(colcon_meta) discover
[4.539s] Level 1:colcon.colcon_core.package_discovery:discover_packages(recursive) discover
[4.539s] INFO:colcon.colcon_core.package_discovery:Crawling recursively for packages in '/home/hicsea/Desktop/tanksim_ws'
[4.539s] Level 1:colcon.colcon_core.package_identification:_identify(.) by extensions ['ignore', 'ignore_ament_install']
[4.539s] Level 1:colcon.colcon_core.package_identification:_identify(.) by extension 'ignore'
[4.539s] Level 1:colcon.colcon_core.package_identification:_identify(.) by extension 'ignore_ament_install'
[4.539s] Level 1:colcon.colcon_core.package_identification:_identify(.) by extensions ['colcon_pkg']
[4.539s] Level 1:colcon.colcon_core.package_identification:_identify(.) by extension 'colcon_pkg'
[4.539s] Level 1:colcon.colcon_core.package_identification:_identify(.) by extensions ['colcon_meta']
[4.539s] Level 1:colcon.colcon_core.package_identification:_identify(.) by extension 'colcon_meta'
[4.540s] Level 1:colcon.colcon_core.package_identification:_identify(.) by extensions ['ros']
[4.540s] Level 1:colcon.colcon_core.package_identification:_identify(.) by extension 'ros'
[4.549s] Level 1:colcon.colcon_core.package_identification:_identify(.) by extensions ['cmake', 'python']
[4.549s] Level 1:colcon.colcon_core.package_identification:_identify(.) by extension 'cmake'
[4.549s] Level 1:colcon.colcon_core.package_identification:_identify(.) by extension 'python'
[4.549s] Level 1:colcon.colcon_core.package_identification:_identify(.) by extensions ['python_setup_py']
[4.549s] Level 1:colcon.colcon_core.package_identification:_identify(.) by extension 'python_setup_py'
[4.549s] Level 1:colcon.colcon_core.package_identification:_identify(build) by extensions ['ignore', 'ignore_ament_install']
[4.549s] Level 1:colcon.colcon_core.package_identification:_identify(build) by extension 'ignore'
[4.549s] Level 1:colcon.colcon_core.package_identification:_identify(build) ignored
[4.549s] Level 1:colcon.colcon_core.package_identification:_identify(install) by extensions ['ignore', 'ignore_ament_install']
[4.549s] Level 1:colcon.colcon_core.package_identification:_identify(install) by extension 'ignore'
[4.549s] Level 1:colcon.colcon_core.package_identification:_identify(install) ignored
[4.550s] Level 1:colcon.colcon_core.package_identification:_identify(launch) by extensions ['ignore', 'ignore_ament_install']
[4.550s] Level 1:colcon.colcon_core.package_identification:_identify(launch) by extension 'ignore'
[4.550s] Level 1:colcon.colcon_core.package_identification:_identify(launch) by extension 'ignore_ament_install'
[4.550s] Level 1:colcon.colcon_core.package_identification:_identify(launch) by extensions ['colcon_pkg']
[4.550s] Level 1:colcon.colcon_core.package_identification:_identify(launch) by extension 'colcon_pkg'
[4.550s] Level 1:colcon.colcon_core.package_identification:_identify(launch) by extensions ['colcon_meta']
[4.550s] Level 1:colcon.colcon_core.package_identification:_identify(launch) by extension 'colcon_meta'
[4.550s] Level 1:colcon.colcon_core.package_identification:_identify(launch) by extensions ['ros']
[4.550s] Level 1:colcon.colcon_core.package_identification:_identify(launch) by extension 'ros'
[4.550s] Level 1:colcon.colcon_core.package_identification:_identify(launch) by extensions ['cmake', 'python']
[4.550s] Level 1:colcon.colcon_core.package_identification:_identify(launch) by extension 'cmake'
[4.550s] Level 1:colcon.colcon_core.package_identification:_identify(launch) by extension 'python'
[4.550s] Level 1:colcon.colcon_core.package_identification:_identify(launch) by extensions ['python_setup_py']
[4.550s] Level 1:colcon.colcon_core.package_identification:_identify(launch) by extension 'python_setup_py'
[4.550s] Level 1:colcon.colcon_core.package_identification:_identify(launch/__pycache__) by extensions ['ignore', 'ignore_ament_install']
[4.550s] Level 1:colcon.colcon_core.package_identification:_identify(launch/__pycache__) by extension 'ignore'
[4.550s] Level 1:colcon.colcon_core.package_identification:_identify(launch/__pycache__) by extension 'ignore_ament_install'
[4.550s] Level 1:colcon.colcon_core.package_identification:_identify(launch/__pycache__) by extensions ['colcon_pkg']
[4.550s] Level 1:colcon.colcon_core.package_identification:_identify(launch/__pycache__) by extension 'colcon_pkg'
[4.550s] Level 1:colcon.colcon_core.package_identification:_identify(launch/__pycache__) by extensions ['colcon_meta']
[4.550s] Level 1:colcon.colcon_core.package_identification:_identify(launch/__pycache__) by extension 'colcon_meta'
[4.551s] Level 1:colcon.colcon_core.package_identification:_identify(launch/__pycache__) by extensions ['ros']
[4.551s] Level 1:colcon.colcon_core.package_identification:_identify(launch/__pycache__) by extension 'ros'
[4.551s] Level 1:colcon.colcon_core.package_identification:_identify(launch/__pycache__) by extensions ['cmake', 'python']
[4.551s] Level 1:colcon.colcon_core.package_identification:_identify(launch/__pycache__) by extension 'cmake'
[4.551s] Level 1:colcon.colcon_core.package_identification:_identify(launch/__pycache__) by extension 'python'
[4.551s] Level 1:colcon.colcon_core.package_identification:_identify(launch/__pycache__) by extensions ['python_setup_py']
[4.551s] Level 1:colcon.colcon_core.package_identification:_identify(launch/__pycache__) by extension 'python_setup_py'
[4.551s] Level 1:colcon.colcon_core.package_identification:_identify(log) by extensions ['ignore', 'ignore_ament_install']
[4.551s] Level 1:colcon.colcon_core.package_identification:_identify(log) by extension 'ignore'
[4.551s] Level 1:colcon.colcon_core.package_identification:_identify(log) ignored
[4.551s] Level 1:colcon.colcon_core.package_identification:_identify(src) by extensions ['ignore', 'ignore_ament_install']
[4.551s] Level 1:colcon.colcon_core.package_identification:_identify(src) by extension 'ignore'
[4.551s] Level 1:colcon.colcon_core.package_identification:_identify(src) by extension 'ignore_ament_install'
[4.551s] Level 1:colcon.colcon_core.package_identification:_identify(src) by extensions ['colcon_pkg']
[4.551s] Level 1:colcon.colcon_core.package_identification:_identify(src) by extension 'colcon_pkg'
[4.551s] Level 1:colcon.colcon_core.package_identification:_identify(src) by extensions ['colcon_meta']
[4.551s] Level 1:colcon.colcon_core.package_identification:_identify(src) by extension 'colcon_meta'
[4.551s] Level 1:colcon.colcon_core.package_identification:_identify(src) by extensions ['ros']
[4.551s] Level 1:colcon.colcon_core.package_identification:_identify(src) by extension 'ros'
[4.551s] Level 1:colcon.colcon_core.package_identification:_identify(src) by extensions ['cmake', 'python']
[4.552s] Level 1:colcon.colcon_core.package_identification:_identify(src) by extension 'cmake'
[4.552s] Level 1:colcon.colcon_core.package_identification:_identify(src) by extension 'python'
[4.552s] Level 1:colcon.colcon_core.package_identification:_identify(src) by extensions ['python_setup_py']
[4.552s] Level 1:colcon.colcon_core.package_identification:_identify(src) by extension 'python_setup_py'
[4.552s] Level 1:colcon.colcon_core.package_identification:_identify(src/interceptor) by extensions ['ignore', 'ignore_ament_install']
[4.552s] Level 1:colcon.colcon_core.package_identification:_identify(src/interceptor) by extension 'ignore'
[4.552s] Level 1:colcon.colcon_core.package_identification:_identify(src/interceptor) by extension 'ignore_ament_install'
[4.552s] Level 1:colcon.colcon_core.package_identification:_identify(src/interceptor) by extensions ['colcon_pkg']
[4.552s] Level 1:colcon.colcon_core.package_identification:_identify(src/interceptor) by extension 'colcon_pkg'
[4.552s] Level 1:colcon.colcon_core.package_identification:_identify(src/interceptor) by extensions ['colcon_meta']
[4.552s] Level 1:colcon.colcon_core.package_identification:_identify(src/interceptor) by extension 'colcon_meta'
[4.552s] Level 1:colcon.colcon_core.package_identification:_identify(src/interceptor) by extensions ['ros']
[4.552s] Level 1:colcon.colcon_core.package_identification:_identify(src/interceptor) by extension 'ros'
[4.554s] DEBUG:colcon.colcon_core.package_identification:Package 'src/interceptor' with type 'ros.ament_python' and name 'interceptor'
[4.554s] Level 1:colcon.colcon_core.package_identification:_identify(src/route_initializer) by extensions ['ignore', 'ignore_ament_install']
[4.554s] Level 1:colcon.colcon_core.package_identification:_identify(src/route_initializer) by extension 'ignore'
[4.554s] Level 1:colcon.colcon_core.package_identification:_identify(src/route_initializer) by extension 'ignore_ament_install'
[4.555s] Level 1:colcon.colcon_core.package_identification:_identify(src/route_initializer) by extensions ['colcon_pkg']
[4.555s] Level 1:colcon.colcon_core.package_identification:_identify(src/route_initializer) by extension 'colcon_pkg'
[4.555s] Level 1:colcon.colcon_core.package_identification:_identify(src/route_initializer) by extensions ['colcon_meta']
[4.555s] Level 1:colcon.colcon_core.package_identification:_identify(src/route_initializer) by extension 'colcon_meta'
[4.555s] Level 1:colcon.colcon_core.package_identification:_identify(src/route_initializer) by extensions ['ros']
[4.555s] Level 1:colcon.colcon_core.package_identification:_identify(src/route_initializer) by extension 'ros'
[4.555s] DEBUG:colcon.colcon_core.package_identification:Package 'src/route_initializer' with type 'ros.ament_python' and name 'route_initializer'
[4.555s] Level 1:colcon.colcon_core.package_identification:_identify(src/tank_controller) by extensions ['ignore', 'ignore_ament_install']
[4.555s] Level 1:colcon.colcon_core.package_identification:_identify(src/tank_controller) by extension 'ignore'
[4.555s] Level 1:colcon.colcon_core.package_identification:_identify(src/tank_controller) by extension 'ignore_ament_install'
[4.556s] Level 1:colcon.colcon_core.package_identification:_identify(src/tank_controller) by extensions ['colcon_pkg']
[4.556s] Level 1:colcon.colcon_core.package_identification:_identify(src/tank_controller) by extension 'colcon_pkg'
[4.556s] Level 1:colcon.colcon_core.package_identification:_identify(src/tank_controller) by extensions ['colcon_meta']
[4.556s] Level 1:colcon.colcon_core.package_identification:_identify(src/tank_controller) by extension 'colcon_meta'
[4.556s] Level 1:colcon.colcon_core.package_identification:_identify(src/tank_controller) by extensions ['ros']
[4.556s] Level 1:colcon.colcon_core.package_identification:_identify(src/tank_controller) by extension 'ros'
[4.556s] DEBUG:colcon.colcon_core.package_identification:Package 'src/tank_controller' with type 'ros.ament_python' and name 'tank_controller'
[4.556s] Level 1:colcon.colcon_core.package_discovery:discover_packages(recursive) using defaults
[4.556s] Level 1:colcon.colcon_core.package_discovery:discover_packages(ignore) discover
[4.556s] Level 1:colcon.colcon_core.package_discovery:discover_packages(ignore) using defaults
[4.556s] Level 1:colcon.colcon_core.package_discovery:discover_packages(path) discover
[4.556s] Level 1:colcon.colcon_core.package_discovery:discover_packages(path) using defaults
[4.861s] Level 1:colcon.colcon_core.package_discovery:discover_packages(prefix_path) check parameters
[4.861s] Level 1:colcon.colcon_core.package_discovery:discover_packages(prefix_path) discover
[4.919s] WARNING:colcon.colcon_ros.prefix_path.ament:The path '/home/hicsea/Desktop/tanksim_ws/install/tank_controller' in the environment variable AMENT_PREFIX_PATH doesn't exist
[4.919s] WARNING:colcon.colcon_ros.prefix_path.ament:The path '/home/hicsea/Desktop/tanksim_ws/install/route_initializer' in the environment variable AMENT_PREFIX_PATH doesn't exist
[4.919s] WARNING:colcon.colcon_ros.prefix_path.ament:The path '/home/hicsea/Desktop/tanksim_ws/install/interceptor' in the environment variable AMENT_PREFIX_PATH doesn't exist
[4.984s] DEBUG:colcon.colcon_installed_package_information.package_discovery:Found 0 installed packages in /home/hicsea/Desktop/tanksim_ws/install
[5.046s] DEBUG:colcon.colcon_installed_package_information.package_discovery:Found 327 installed packages in /opt/ros/galactic
[5.048s] Level 1:colcon.colcon_core.package_discovery:discover_packages(prefix_path) using defaults
[5.249s] Level 5:colcon.colcon_core.verb:set package 'interceptor' build argument 'cmake_args' from command line to 'None'
[5.249s] Level 5:colcon.colcon_core.verb:set package 'interceptor' build argument 'cmake_target' from command line to 'None'
[5.249s] Level 5:colcon.colcon_core.verb:set package 'interceptor' build argument 'cmake_target_skip_unavailable' from command line to 'False'
[5.249s] Level 5:colcon.colcon_core.verb:set package 'interceptor' build argument 'cmake_clean_cache' from command line to 'False'
[5.249s] Level 5:colcon.colcon_core.verb:set package 'interceptor' build argument 'cmake_clean_first' from command line to 'False'
[5.249s] Level 5:colcon.colcon_core.verb:set package 'interceptor' build argument 'cmake_force_configure' from command line to 'False'
[5.249s] Level 5:colcon.colcon_core.verb:set package 'interceptor' build argument 'ament_cmake_args' from command line to 'None'
[5.249s] Level 5:colcon.colcon_core.verb:set package 'interceptor' build argument 'catkin_cmake_args' from command line to 'None'
[5.249s] Level 5:colcon.colcon_core.verb:set package 'interceptor' build argument 'catkin_skip_building_tests' from command line to 'False'
[5.249s] DEBUG:colcon.colcon_core.verb:Building package 'interceptor' with the following arguments: {'ament_cmake_args': None, 'build_base': '/home/hicsea/Desktop/tanksim_ws/build/interceptor', 'catkin_cmake_args': None, 'catkin_skip_building_tests': False, 'cmake_args': None, 'cmake_clean_cache': False, 'cmake_clean_first': False, 'cmake_force_configure': False, 'cmake_target': None, 'cmake_target_skip_unavailable': False, 'install_base': '/home/hicsea/Desktop/tanksim_ws/install/interceptor', 'merge_install': False, 'path': '/home/hicsea/Desktop/tanksim_ws/src/interceptor', 'symlink_install': True, 'test_result_base': None}
[5.307s] Level 5:colcon.colcon_core.verb:set package 'route_initializer' build argument 'cmake_args' from command line to 'None'
[5.307s] Level 5:colcon.colcon_core.verb:set package 'route_initializer' build argument 'cmake_target' from command line to 'None'
[5.307s] Level 5:colcon.colcon_core.verb:set package 'route_initializer' build argument 'cmake_target_skip_unavailable' from command line to 'False'
[5.307s] Level 5:colcon.colcon_core.verb:set package 'route_initializer' build argument 'cmake_clean_cache' from command line to 'False'
[5.308s] Level 5:colcon.colcon_core.verb:set package 'route_initializer' build argument 'cmake_clean_first' from command line to 'False'
[5.308s] Level 5:colcon.colcon_core.verb:set package 'route_initializer' build argument 'cmake_force_configure' from command line to 'False'
[5.308s] Level 5:colcon.colcon_core.verb:set package 'route_initializer' build argument 'ament_cmake_args' from command line to 'None'
[5.308s] Level 5:colcon.colcon_core.verb:set package 'route_initializer' build argument 'catkin_cmake_args' from command line to 'None'
[5.308s] Level 5:colcon.colcon_core.verb:set package 'route_initializer' build argument 'catkin_skip_building_tests' from command line to 'False'
[5.308s] DEBUG:colcon.colcon_core.verb:Building package 'route_initializer' with the following arguments: {'ament_cmake_args': None, 'build_base': '/home/hicsea/Desktop/tanksim_ws/build/route_initializer', 'catkin_cmake_args': None, 'catkin_skip_building_tests': False, 'cmake_args': None, 'cmake_clean_cache': False, 'cmake_clean_first': False, 'cmake_force_configure': False, 'cmake_target': None, 'cmake_target_skip_unavailable': False, 'install_base': '/home/hicsea/Desktop/tanksim_ws/install/route_initializer', 'merge_install': False, 'path': '/home/hicsea/Desktop/tanksim_ws/src/route_initializer', 'symlink_install': True, 'test_result_base': None}
[5.365s] Level 5:colcon.colcon_core.verb:set package 'tank_controller' build argument 'cmake_args' from command line to 'None'
[5.365s] Level 5:colcon.colcon_core.verb:set package 'tank_controller' build argument 'cmake_target' from command line to 'None'
[5.365s] Level 5:colcon.colcon_core.verb:set package 'tank_controller' build argument 'cmake_target_skip_unavailable' from command line to 'False'
[5.365s] Level 5:colcon.colcon_core.verb:set package 'tank_controller' build argument 'cmake_clean_cache' from command line to 'False'
[5.365s] Level 5:colcon.colcon_core.verb:set package 'tank_controller' build argument 'cmake_clean_first' from command line to 'False'
[5.365s] Level 5:colcon.colcon_core.verb:set package 'tank_controller' build argument 'cmake_force_configure' from command line to 'False'
[5.365s] Level 5:colcon.colcon_core.verb:set package 'tank_controller' build argument 'ament_cmake_args' from command line to 'None'
[5.365s] Level 5:colcon.colcon_core.verb:set package 'tank_controller' build argument 'catkin_cmake_args' from command line to 'None'
[5.365s] Level 5:colcon.colcon_core.verb:set package 'tank_controller' build argument 'catkin_skip_building_tests' from command line to 'False'
[5.365s] DEBUG:colcon.colcon_core.verb:Building package 'tank_controller' with the following arguments: {'ament_cmake_args': None, 'build_base': '/home/hicsea/Desktop/tanksim_ws/build/tank_controller', 'catkin_cmake_args': None, 'catkin_skip_building_tests': False, 'cmake_args': None, 'cmake_clean_cache': False, 'cmake_clean_first': False, 'cmake_force_configure': False, 'cmake_target': None, 'cmake_target_skip_unavailable': False, 'install_base': '/home/hicsea/Desktop/tanksim_ws/install/tank_controller', 'merge_install': False, 'path': '/home/hicsea/Desktop/tanksim_ws/src/tank_controller', 'symlink_install': True, 'test_result_base': None}
[5.431s] INFO:colcon.colcon_core.executor:Executing jobs using 'parallel' executor
[5.488s] DEBUG:colcon.colcon_parallel_executor.executor.parallel:run_until_complete
[5.488s] INFO:colcon.colcon_ros.task.ament_python.build:Building ROS package in '/home/hicsea/Desktop/tanksim_ws/src/route_initializer' with build type 'ament_python'
[5.489s] Level 1:colcon.colcon_core.shell:create_environment_hook('route_initializer', 'ament_prefix_path')
[5.549s] INFO:colcon.colcon_core.plugin_system:Skipping extension 'colcon_core.shell.bat': Not used on non-Windows systems
[5.549s] INFO:colcon.colcon_core.shell:Creating environment hook '/home/hicsea/Desktop/tanksim_ws/install/route_initializer/share/route_initializer/hook/ament_prefix_path.ps1'
[5.549s] INFO:colcon.colcon_core.shell:Creating environment descriptor '/home/hicsea/Desktop/tanksim_ws/install/route_initializer/share/route_initializer/hook/ament_prefix_path.dsv'
[5.550s] INFO:colcon.colcon_core.shell:Creating environment hook '/home/hicsea/Desktop/tanksim_ws/install/route_initializer/share/route_initializer/hook/ament_prefix_path.sh'
[5.609s] INFO:colcon.colcon_core.shell:Skip shell extension 'powershell' for command environment: Not usable outside of PowerShell
[5.609s] DEBUG:colcon.colcon_core.shell:Skip shell extension 'dsv' for command environment
[5.791s] INFO:colcon.colcon_ros.task.ament_python.build:Building ROS package in '/home/hicsea/Desktop/tanksim_ws/src/interceptor' with build type 'ament_python'
[5.791s] Level 1:colcon.colcon_core.shell:create_environment_hook('interceptor', 'ament_prefix_path')
[5.853s] INFO:colcon.colcon_core.shell:Creating environment hook '/home/hicsea/Desktop/tanksim_ws/install/interceptor/share/interceptor/hook/ament_prefix_path.ps1'
[5.853s] INFO:colcon.colcon_core.shell:Creating environment descriptor '/home/hicsea/Desktop/tanksim_ws/install/interceptor/share/interceptor/hook/ament_prefix_path.dsv'
[5.853s] INFO:colcon.colcon_core.shell:Creating environment hook '/home/hicsea/Desktop/tanksim_ws/install/interceptor/share/interceptor/hook/ament_prefix_path.sh'
[5.915s] INFO:colcon.colcon_core.shell:Skip shell extension 'powershell' for command environment: Not usable outside of PowerShell
[5.915s] DEBUG:colcon.colcon_core.shell:Skip shell extension 'dsv' for command environment
[6.395s] INFO:colcon.colcon_core.task.python.build:Building Python package in '/home/hicsea/Desktop/tanksim_ws/src/route_initializer'
[6.456s] INFO:colcon.colcon_core.shell:Skip shell extension 'powershell' for command environment: Not usable outside of PowerShell
[6.456s] DEBUG:colcon.colcon_core.shell:Skip shell extension 'dsv' for command environment
[6.936s] INFO:colcon.colcon_core.task.python.build:Building Python package in '/home/hicsea/Desktop/tanksim_ws/src/interceptor'
[7.006s] INFO:colcon.colcon_core.shell:Skip shell extension 'powershell' for command environment: Not usable outside of PowerShell
[7.006s] DEBUG:colcon.colcon_core.shell:Skip shell extension 'dsv' for command environment
[7.631s] DEBUG:colcon.colcon_core.event_handler.log_command:Invoking command in '/home/hicsea/Desktop/tanksim_ws/build/route_initializer': PYTHONPATH=/home/hicsea/Desktop/tanksim_ws/build/route_initializer/prefix_override:/home/hicsea/Desktop/tanksim_ws/install/route_initializer/lib/python3.8/site-packages:${PYTHONPATH} /usr/bin/python3 setup.py develop --editable --build-directory /home/hicsea/Desktop/tanksim_ws/build/route_initializer/build --no-deps install_data
[7.639s] DEBUG:colcon.colcon_core.event_handler.log_command:Invoking command in '/home/hicsea/Desktop/tanksim_ws/build/interceptor': PYTHONPATH=/home/hicsea/Desktop/tanksim_ws/build/interceptor/prefix_override:/home/hicsea/Desktop/tanksim_ws/install/interceptor/lib/python3.8/site-packages:${PYTHONPATH} /usr/bin/python3 setup.py develop --editable --build-directory /home/hicsea/Desktop/tanksim_ws/build/interceptor/build --no-deps install_data
[8.201s] Level 1:colcon.colcon_core.shell:create_environment_hook('route_initializer', 'pythonpath_develop')
[8.201s] DEBUG:colcon.colcon_core.event_handler.log_command:Invoked command in '/home/hicsea/Desktop/tanksim_ws/build/route_initializer' returned '0': PYTHONPATH=/home/hicsea/Desktop/tanksim_ws/build/route_initializer/prefix_override:/home/hicsea/Desktop/tanksim_ws/install/route_initializer/lib/python3.8/site-packages:${PYTHONPATH} /usr/bin/python3 setup.py develop --editable --build-directory /home/hicsea/Desktop/tanksim_ws/build/route_initializer/build --no-deps install_data
[8.264s] INFO:colcon.colcon_core.shell:Creating environment hook '/home/hicsea/Desktop/tanksim_ws/build/route_initializer/share/route_initializer/hook/pythonpath_develop.ps1'
[8.265s] INFO:colcon.colcon_core.shell:Creating environment descriptor '/home/hicsea/Desktop/tanksim_ws/build/route_initializer/share/route_initializer/hook/pythonpath_develop.dsv'
[8.265s] INFO:colcon.colcon_core.shell:Creating environment hook '/home/hicsea/Desktop/tanksim_ws/build/route_initializer/share/route_initializer/hook/pythonpath_develop.sh'
[8.329s] Level 1:colcon.colcon_core.environment:checking '/home/hicsea/Desktop/tanksim_ws/install/route_initializer' for CMake module files
[8.329s] Level 1:colcon.colcon_core.environment:checking '/home/hicsea/Desktop/tanksim_ws/install/route_initializer' for CMake config files
[8.330s] Level 1:colcon.colcon_core.environment:checking '/home/hicsea/Desktop/tanksim_ws/install/route_initializer/lib'
[8.330s] Level 1:colcon.colcon_core.environment:checking '/home/hicsea/Desktop/tanksim_ws/install/route_initializer/bin'
[8.330s] Level 1:colcon.colcon_core.environment:checking '/home/hicsea/Desktop/tanksim_ws/install/route_initializer/lib/pkgconfig/route_initializer.pc'
[8.330s] Level 1:colcon.colcon_core.environment:checking '/home/hicsea/Desktop/tanksim_ws/install/route_initializer/lib/python3.8/site-packages'
[8.330s] Level 1:colcon.colcon_core.shell:create_environment_hook('route_initializer', 'pythonpath')
[8.391s] INFO:colcon.colcon_core.shell:Creating environment hook '/home/hicsea/Desktop/tanksim_ws/install/route_initializer/share/route_initializer/hook/pythonpath.ps1'
[8.392s] INFO:colcon.colcon_core.shell:Creating environment descriptor '/home/hicsea/Desktop/tanksim_ws/install/route_initializer/share/route_initializer/hook/pythonpath.dsv'
[8.392s] INFO:colcon.colcon_core.shell:Creating environment hook '/home/hicsea/Desktop/tanksim_ws/install/route_initializer/share/route_initializer/hook/pythonpath.sh'
[8.392s] Level 1:colcon.colcon_core.environment:checking '/home/hicsea/Desktop/tanksim_ws/install/route_initializer/bin'
[8.392s] Level 1:colcon.colcon_core.environment:create_environment_scripts_only(route_initializer)
[8.454s] INFO:colcon.colcon_core.shell:Creating package script '/home/hicsea/Desktop/tanksim_ws/install/route_initializer/share/route_initializer/package.ps1'
[8.454s] INFO:colcon.colcon_core.shell:Creating package descriptor '/home/hicsea/Desktop/tanksim_ws/install/route_initializer/share/route_initializer/package.dsv'
[8.455s] INFO:colcon.colcon_core.shell:Creating package script '/home/hicsea/Desktop/tanksim_ws/install/route_initializer/share/route_initializer/package.sh'
[8.455s] INFO:colcon.colcon_core.shell:Creating package script '/home/hicsea/Desktop/tanksim_ws/install/route_initializer/share/route_initializer/package.bash'
[8.456s] INFO:colcon.colcon_core.shell:Creating package script '/home/hicsea/Desktop/tanksim_ws/install/route_initializer/share/route_initializer/package.zsh'
[8.457s] Level 1:colcon.colcon_core.environment:create_file_with_runtime_dependencies(/home/hicsea/Desktop/tanksim_ws/install/route_initializer/share/colcon-core/packages/route_initializer)
[8.457s] INFO:colcon.colcon_ros.task.ament_python.build:Building ROS package in '/home/hicsea/Desktop/tanksim_ws/src/tank_controller' with build type 'ament_python'
[8.457s] Level 1:colcon.colcon_core.shell:create_environment_hook('tank_controller', 'ament_prefix_path')
[8.520s] INFO:colcon.colcon_core.shell:Creating environment hook '/home/hicsea/Desktop/tanksim_ws/install/tank_controller/share/tank_controller/hook/ament_prefix_path.ps1'
[8.520s] INFO:colcon.colcon_core.shell:Creating environment descriptor '/home/hicsea/Desktop/tanksim_ws/install/tank_controller/share/tank_controller/hook/ament_prefix_path.dsv'
[8.520s] INFO:colcon.colcon_core.shell:Creating environment hook '/home/hicsea/Desktop/tanksim_ws/install/tank_controller/share/tank_controller/hook/ament_prefix_path.sh'
[8.582s] INFO:colcon.colcon_core.shell:Skip shell extension 'powershell' for command environment: Not usable outside of PowerShell
[8.582s] DEBUG:colcon.colcon_core.shell:Skip shell extension 'dsv' for command environment
[8.772s] Level 1:colcon.colcon_core.shell:create_environment_hook('interceptor', 'pythonpath_develop')
[8.773s] DEBUG:colcon.colcon_core.event_handler.log_command:Invoked command in '/home/hicsea/Desktop/tanksim_ws/build/interceptor' returned '0': PYTHONPATH=/home/hicsea/Desktop/tanksim_ws/build/interceptor/prefix_override:/home/hicsea/Desktop/tanksim_ws/install/interceptor/lib/python3.8/site-packages:${PYTHONPATH} /usr/bin/python3 setup.py develop --editable --build-directory /home/hicsea/Desktop/tanksim_ws/build/interceptor/build --no-deps install_data
[8.837s] INFO:colcon.colcon_core.shell:Creating environment hook '/home/hicsea/Desktop/tanksim_ws/build/interceptor/share/interceptor/hook/pythonpath_develop.ps1'
[8.838s] INFO:colcon.colcon_core.shell:Creating environment descriptor '/home/hicsea/Desktop/tanksim_ws/build/interceptor/share/interceptor/hook/pythonpath_develop.dsv'
[8.838s] INFO:colcon.colcon_core.shell:Creating environment hook '/home/hicsea/Desktop/tanksim_ws/build/interceptor/share/interceptor/hook/pythonpath_develop.sh'
[8.899s] Level 1:colcon.colcon_core.environment:checking '/home/hicsea/Desktop/tanksim_ws/install/interceptor' for CMake module files
[8.899s] Level 1:colcon.colcon_core.environment:checking '/home/hicsea/Desktop/tanksim_ws/install/interceptor' for CMake config files
[8.900s] Level 1:colcon.colcon_core.environment:checking '/home/hicsea/Desktop/tanksim_ws/install/interceptor/lib'
[8.900s] Level 1:colcon.colcon_core.environment:checking '/home/hicsea/Desktop/tanksim_ws/install/interceptor/bin'
[8.900s] Level 1:colcon.colcon_core.environment:checking '/home/hicsea/Desktop/tanksim_ws/install/interceptor/lib/pkgconfig/interceptor.pc'
[8.900s] Level 1:colcon.colcon_core.environment:checking '/home/hicsea/Desktop/tanksim_ws/install/interceptor/lib/python3.8/site-packages'
[8.900s] Level 1:colcon.colcon_core.shell:create_environment_hook('interceptor', 'pythonpath')
[8.959s] INFO:colcon.colcon_core.shell:Creating environment hook '/home/hicsea/Desktop/tanksim_ws/install/interceptor/share/interceptor/hook/pythonpath.ps1'
[8.960s] INFO:colcon.colcon_core.shell:Creating environment descriptor '/home/hicsea/Desktop/tanksim_ws/install/interceptor/share/interceptor/hook/pythonpath.dsv'
[8.960s] INFO:colcon.colcon_core.shell:Creating environment hook '/home/hicsea/Desktop/tanksim_ws/install/interceptor/share/interceptor/hook/pythonpath.sh'
[8.960s] Level 1:colcon.colcon_core.environment:checking '/home/hicsea/Desktop/tanksim_ws/install/interceptor/bin'
[8.960s] Level 1:colcon.colcon_core.environment:create_environment_scripts_only(interceptor)
[9.029s] INFO:colcon.colcon_core.shell:Creating package script '/home/hicsea/Desktop/tanksim_ws/install/interceptor/share/interceptor/package.ps1'
[9.029s] INFO:colcon.colcon_core.shell:Creating package descriptor '/home/hicsea/Desktop/tanksim_ws/install/interceptor/share/interceptor/package.dsv'
[9.030s] INFO:colcon.colcon_core.shell:Creating package script '/home/hicsea/Desktop/tanksim_ws/install/interceptor/share/interceptor/package.sh'
[9.030s] INFO:colcon.colcon_core.shell:Creating package script '/home/hicsea/Desktop/tanksim_ws/install/interceptor/share/interceptor/package.bash'
[9.030s] INFO:colcon.colcon_core.shell:Creating package script '/home/hicsea/Desktop/tanksim_ws/install/interceptor/share/interceptor/package.zsh'
[9.030s] Level 1:colcon.colcon_core.environment:create_file_with_runtime_dependencies(/home/hicsea/Desktop/tanksim_ws/install/interceptor/share/colcon-core/packages/interceptor)
[9.328s] INFO:colcon.colcon_core.task.python.build:Building Python package in '/home/hicsea/Desktop/tanksim_ws/src/tank_controller'
[9.388s] INFO:colcon.colcon_core.shell:Skip shell extension 'powershell' for command environment: Not usable outside of PowerShell
[9.388s] DEBUG:colcon.colcon_core.shell:Skip shell extension 'dsv' for command environment
[10.009s] DEBUG:colcon.colcon_core.event_handler.log_command:Invoking command in '/home/hicsea/Desktop/tanksim_ws/build/tank_controller': AMENT_PREFIX_PATH=/home/hicsea/Desktop/tanksim_ws/install/route_initializer:/home/hicsea/Desktop/tanksim_ws/install/tank_controller:/home/hicsea/Desktop/tanksim_ws/install/interceptor:/opt/ros/galactic PYTHONPATH=/home/hicsea/Desktop/tanksim_ws/build/tank_controller/prefix_override:/home/hicsea/Desktop/tanksim_ws/install/tank_controller/lib/python3.8/site-packages:/home/hicsea/Desktop/tanksim_ws/build/route_initializer:/home/hicsea/Desktop/tanksim_ws/install/route_initializer/lib/python3.8/site-packages:/home/hicsea/Desktop/tanksim_ws/build/tank_controller:/home/hicsea/Desktop/tanksim_ws/install/tank_controller/lib/python3.8/site-packages:/home/hicsea/Desktop/tanksim_ws/build/interceptor:/home/hicsea/Desktop/tanksim_ws/install/interceptor/lib/python3.8/site-packages:/opt/ros/galactic/lib/python3.8/site-packages:/opt/carla-simulator/PythonAPI:/opt/carla-simulator/PythonAPI/util:/opt/carla-simulator/PythonAPI/carla:/opt/carla-simulator/PythonAPI/carla/agents:/opt/carla-simulator/PythonAPI/carla/dist/carla-0.9.13-py3.7-linux-x86_64.egg /usr/bin/python3 setup.py develop --editable --build-directory /home/hicsea/Desktop/tanksim_ws/build/tank_controller/build --no-deps install_data
[10.576s] Level 1:colcon.colcon_core.shell:create_environment_hook('tank_controller', 'pythonpath_develop')
[10.576s] DEBUG:colcon.colcon_core.event_handler.log_command:Invoked command in '/home/hicsea/Desktop/tanksim_ws/build/tank_controller' returned '0': AMENT_PREFIX_PATH=/home/hicsea/Desktop/tanksim_ws/install/route_initializer:/home/hicsea/Desktop/tanksim_ws/install/tank_controller:/home/hicsea/Desktop/tanksim_ws/install/interceptor:/opt/ros/galactic PYTHONPATH=/home/hicsea/Desktop/tanksim_ws/build/tank_controller/prefix_override:/home/hicsea/Desktop/tanksim_ws/install/tank_controller/lib/python3.8/site-packages:/home/hicsea/Desktop/tanksim_ws/build/route_initializer:/home/hicsea/Desktop/tanksim_ws/install/route_initializer/lib/python3.8/site-packages:/home/hicsea/Desktop/tanksim_ws/build/tank_controller:/home/hicsea/Desktop/tanksim_ws/install/tank_controller/lib/python3.8/site-packages:/home/hicsea/Desktop/tanksim_ws/build/interceptor:/home/hicsea/Desktop/tanksim_ws/install/interceptor/lib/python3.8/site-packages:/opt/ros/galactic/lib/python3.8/site-packages:/opt/carla-simulator/PythonAPI:/opt/carla-simulator/PythonAPI/util:/opt/carla-simulator/PythonAPI/carla:/opt/carla-simulator/PythonAPI/carla/agents:/opt/carla-simulator/PythonAPI/carla/dist/carla-0.9.13-py3.7-linux-x86_64.egg /usr/bin/python3 setup.py develop --editable --build-directory /home/hicsea/Desktop/tanksim_ws/build/tank_controller/build --no-deps install_data
[10.638s] INFO:colcon.colcon_core.shell:Creating environment hook '/home/hicsea/Desktop/tanksim_ws/build/tank_controller/share/tank_controller/hook/pythonpath_develop.ps1'
[10.639s] INFO:colcon.colcon_core.shell:Creating environment descriptor '/home/hicsea/Desktop/tanksim_ws/build/tank_controller/share/tank_controller/hook/pythonpath_develop.dsv'
[10.639s] INFO:colcon.colcon_core.shell:Creating environment hook '/home/hicsea/Desktop/tanksim_ws/build/tank_controller/share/tank_controller/hook/pythonpath_develop.sh'
[10.701s] Level 1:colcon.colcon_core.environment:checking '/home/hicsea/Desktop/tanksim_ws/install/tank_controller' for CMake module files
[10.701s] Level 1:colcon.colcon_core.environment:checking '/home/hicsea/Desktop/tanksim_ws/install/tank_controller' for CMake config files
[10.701s] Level 1:colcon.colcon_core.environment:checking '/home/hicsea/Desktop/tanksim_ws/install/tank_controller/lib'
[10.701s] Level 1:colcon.colcon_core.environment:checking '/home/hicsea/Desktop/tanksim_ws/install/tank_controller/bin'
[10.702s] Level 1:colcon.colcon_core.environment:checking '/home/hicsea/Desktop/tanksim_ws/install/tank_controller/lib/pkgconfig/tank_controller.pc'
[10.702s] Level 1:colcon.colcon_core.environment:checking '/home/hicsea/Desktop/tanksim_ws/install/tank_controller/lib/python3.8/site-packages'
[10.702s] Level 1:colcon.colcon_core.shell:create_environment_hook('tank_controller', 'pythonpath')
[10.763s] INFO:colcon.colcon_core.shell:Creating environment hook '/home/hicsea/Desktop/tanksim_ws/install/tank_controller/share/tank_controller/hook/pythonpath.ps1'
[10.764s] INFO:colcon.colcon_core.shell:Creating environment descriptor '/home/hicsea/Desktop/tanksim_ws/install/tank_controller/share/tank_controller/hook/pythonpath.dsv'
[10.764s] INFO:colcon.colcon_core.shell:Creating environment hook '/home/hicsea/Desktop/tanksim_ws/install/tank_controller/share/tank_controller/hook/pythonpath.sh'
[10.764s] Level 1:colcon.colcon_core.environment:checking '/home/hicsea/Desktop/tanksim_ws/install/tank_controller/bin'
[10.764s] Level 1:colcon.colcon_core.environment:create_environment_scripts_only(tank_controller)
[10.826s] INFO:colcon.colcon_core.shell:Creating package script '/home/hicsea/Desktop/tanksim_ws/install/tank_controller/share/tank_controller/package.ps1'
[10.826s] INFO:colcon.colcon_core.shell:Creating package descriptor '/home/hicsea/Desktop/tanksim_ws/install/tank_controller/share/tank_controller/package.dsv'
[10.827s] INFO:colcon.colcon_core.shell:Creating package script '/home/hicsea/Desktop/tanksim_ws/install/tank_controller/share/tank_controller/package.sh'
[10.827s] INFO:colcon.colcon_core.shell:Creating package script '/home/hicsea/Desktop/tanksim_ws/install/tank_controller/share/tank_controller/package.bash'
[10.827s] INFO:colcon.colcon_core.shell:Creating package script '/home/hicsea/Desktop/tanksim_ws/install/tank_controller/share/tank_controller/package.zsh'
[10.828s] Level 1:colcon.colcon_core.environment:create_file_with_runtime_dependencies(/home/hicsea/Desktop/tanksim_ws/install/tank_controller/share/colcon-core/packages/tank_controller)
[10.828s] DEBUG:colcon.colcon_parallel_executor.executor.parallel:closing loop
[10.828s] DEBUG:colcon.colcon_parallel_executor.executor.parallel:loop closed
[10.828s] DEBUG:colcon.colcon_parallel_executor.executor.parallel:run_until_complete finished with '0'
[10.828s] DEBUG:colcon.colcon_core.event_reactor:joining thread
[10.894s] INFO:colcon.colcon_core.plugin_system:Skipping extension 'colcon_notification.desktop_notification.terminal_notifier': Not used on non-Darwin systems
[10.894s] INFO:colcon.colcon_core.plugin_system:Skipping extension 'colcon_notification.desktop_notification.win32': Not used on non-Windows systems
[10.894s] INFO:colcon.colcon_notification.desktop_notification:Sending desktop notification using 'notify2'
[10.907s] DEBUG:colcon.colcon_core.event_reactor:joined thread
[10.970s] INFO:colcon.colcon_core.shell:Creating prefix script '/home/hicsea/Desktop/tanksim_ws/install/local_setup.ps1'
[10.971s] INFO:colcon.colcon_core.shell:Creating prefix util module '/home/hicsea/Desktop/tanksim_ws/install/_local_setup_util_ps1.py'
[10.972s] INFO:colcon.colcon_core.shell:Creating prefix chain script '/home/hicsea/Desktop/tanksim_ws/install/setup.ps1'
[11.037s] INFO:colcon.colcon_core.shell:Creating prefix script '/home/hicsea/Desktop/tanksim_ws/install/local_setup.sh'
[11.037s] INFO:colcon.colcon_core.shell:Creating prefix util module '/home/hicsea/Desktop/tanksim_ws/install/_local_setup_util_sh.py'
[11.038s] INFO:colcon.colcon_core.shell:Creating prefix chain script '/home/hicsea/Desktop/tanksim_ws/install/setup.sh'
[11.101s] INFO:colcon.colcon_core.shell:Creating prefix script '/home/hicsea/Desktop/tanksim_ws/install/local_setup.bash'
[11.101s] INFO:colcon.colcon_core.shell:Creating prefix chain script '/home/hicsea/Desktop/tanksim_ws/install/setup.bash'
[11.164s] INFO:colcon.colcon_core.shell:Creating prefix script '/home/hicsea/Desktop/tanksim_ws/install/local_setup.zsh'
[11.164s] INFO:colcon.colcon_core.shell:Creating prefix chain script '/home/hicsea/Desktop/tanksim_ws/install/setup.zsh'
